<?xml version="1.0" encoding="UTF-8"?>
<!-- Generated by org.testng.reporters.JUnitXMLReporter -->
<testsuite ignored="3" hostname="LAPTOP-33JT0IIH" failures="0" tests="1" name="Default test" time="10.433" errors="0" timestamp="2026-04-16T22:57:13 SGT">
  <testcase classname="testscripts.Login" name="loginValidUserNameandInValidPassword" time="1.877"/>
  <testcase classname="testscripts.Login" name="loginInValidUserNameandValidPassword" time="0.0">
    <ignored/>
  </testcase> <!-- loginInValidUserNameandValidPassword -->
  <testcase classname="testscripts.Login" name="loginInValidUserNameandInValidPassword" time="0.0">
    <ignored/>
  </testcase> <!-- loginInValidUserNameandInValidPassword -->
  <testcase classname="testscripts.Login" name="loginValidUserNameandPassword" time="0.0">
    <ignored/>
  </testcase> <!-- loginValidUserNameandPassword -->
</testsuite> <!-- Default test -->
