<?xml version="1.0" encoding="UTF-8"?>
<!-- Generated by org.testng.reporters.JUnitXMLReporter -->
<testsuite ignored="3" hostname="LAPTOP-33JT0IIH" failures="0" tests="2" name="Test" time="12.262" errors="0" timestamp="2026-04-20T13:26:50 SGT">
  <testcase classname="testscripts.LoginTest" name="verifytheUserIsAbleToLoginUsingValidCredentials" time="2.519"/>
  <testcase classname="testscripts.LoginTest" name="verifytheUserIsAbleToLoginUsingInValidUserNameandValidPassword" time="1.297"/>
  <testcase classname="testscripts.LogOutTest" name="verifytheUserIsAbleToLoginUsingValidCredentials" time="0.0">
    <ignored/>
  </testcase> <!-- verifytheUserIsAbleToLoginUsingValidCredentials -->
  <testcase classname="testscripts.LoginTest" name="verifytheUserIsAbleToLoginUsingValidUserNameandInvalidPassword" time="0.0">
    <ignored/>
  </testcase> <!-- verifytheUserIsAbleToLoginUsingValidUserNameandInvalidPassword -->
  <testcase classname="testscripts.LoginTest" name="verifytheUserIsAbleToLoginUsingInValidUserNameandInValidPassword" time="0.0">
    <ignored/>
  </testcase> <!-- verifytheUserIsAbleToLoginUsingInValidUserNameandInValidPassword -->
</testsuite> <!-- Test -->
