<?xml version="1.0" encoding="UTF-8"?>
<testng-results ignored="0" total="1" passed="1" failed="0" skipped="0">
  <reporter-output>
  </reporter-output>
  <suite started-at="2026-04-16T22:57:02 SGT" name="Default suite" finished-at="2026-04-16T22:57:13 SGT" duration-ms="10433">
    <groups>
    </groups>
    <test started-at="2026-04-16T22:57:02 SGT" name="Default test" finished-at="2026-04-16T22:57:13 SGT" duration-ms="10433">
      <class name="testscripts.Login">
        <test-method is-config="true" signature="browserInitialization()[pri:0, instance:testscripts.Login@35e2d654]" started-at="2026-04-16T22:57:02 SGT" name="browserInitialization" finished-at="2026-04-16T22:57:11 SGT" duration-ms="8456" status="PASS">
          <reporter-output>
          </reporter-output>
        </test-method> <!-- browserInitialization -->
        <test-method signature="loginValidUserNameandInValidPassword()[pri:0, instance:testscripts.Login@35e2d654]" started-at="2026-04-16T22:57:11 SGT" name="loginValidUserNameandInValidPassword" finished-at="2026-04-16T22:57:13 SGT" duration-ms="1877" status="PASS">
          <reporter-output>
          </reporter-output>
        </test-method> <!-- loginValidUserNameandInValidPassword -->
      </class> <!-- testscripts.Login -->
    </test> <!-- Default test -->
  </suite> <!-- Default suite -->
</testng-results>
