<?xml version="1.0" encoding="UTF-8"?>
<!-- Generated by org.testng.reporters.JUnitXMLReporter -->
<testsuite ignored="2" hostname="LAPTOP-33JT0IIH" failures="0" tests="2" name="Chrome Test" time="16.632" errors="0" timestamp="2026-04-17T23:15:43 SGT">
  <testcase classname="testscripts.LoginTest" name="verifytheUserIsAbleToLoginUsingValidCredentials" time="3.188"/>
  <testcase classname="testscripts.LoginTest" name="verifytheUserIsAbleToLoginUsingInValidUserNameandValidPassword" time="0.396"/>
  <testcase classname="testscripts.LoginTest" name="verifytheUserIsAbleToLoginUsingInValidUserNameandInValidPassword" time="0.0">
    <ignored/>
  </testcase> <!-- verifytheUserIsAbleToLoginUsingInValidUserNameandInValidPassword -->
  <testcase classname="testscripts.LoginTest" name="verifytheUserIsAbleToLoginUsingValidUserNameandInvalidPassword" time="0.0">
    <ignored/>
  </testcase> <!-- verifytheUserIsAbleToLoginUsingValidUserNameandInvalidPassword -->
</testsuite> <!-- Chrome Test -->
