<?xml version="1.0" encoding="UTF-8"?>
<!-- Generated by org.testng.reporters.JUnitXMLReporter -->
<testsuite ignored="2" hostname="LAPTOP-33JT0IIH" failures="0" tests="2" name="Edge Test" time="19.827" errors="0" timestamp="2026-04-17T23:16:03 SGT">
  <testcase classname="testscripts.LoginTest" name="verifytheUserIsAbleToLoginUsingValidCredentials" time="0.463"/>
  <testcase classname="testscripts.LoginTest" name="verifytheUserIsAbleToLoginUsingInValidUserNameandValidPassword" time="2.239"/>
  <testcase classname="testscripts.LoginTest" name="verifytheUserIsAbleToLoginUsingValidUserNameandInvalidPassword" time="0.0">
    <ignored/>
  </testcase> <!-- verifytheUserIsAbleToLoginUsingValidUserNameandInvalidPassword -->
  <testcase classname="testscripts.LoginTest" name="verifytheUserIsAbleToLoginUsingInValidUserNameandInValidPassword" time="0.0">
    <ignored/>
  </testcase> <!-- verifytheUserIsAbleToLoginUsingInValidUserNameandInValidPassword -->
</testsuite> <!-- Edge Test -->
